已經開始建置於 2021/11/14 週日 下午 09:03:26。
     1>節點 2 (build 目標) 上的專案 "C:\Users\s0415\OneDrive - 新北市政府教育局\Codes\C_CPP\VS2010_Project\hello_world\Hello_World_vs2010\Hello_World_vs2010.vcxproj"。
     1>InitializeBuildStatus:
         由於指定了 "AlwaysCreate"，因此正在建立 "Debug\Hello_World_vs2010.unsuccessfulbuild"。
       ClCompile:
         C:\Program Files (x86)\Microsoft Visual Studio 10.0\VC\bin\CL.exe /c /ZI /nologo /W3 /WX- /Od /Oy- /D WIN32 /D _DEBUG /D _CONSOLE /D _UNICODE /D UNICODE /Gm /EHsc /RTC1 /MDd /GS /fp:precise /Zc:wchar_t /Zc:forScope /Fo"Debug\\" /Fd"Debug\vc100.pdb" /Gd /TC /analyze- /errorReport:prompt main.c
         main.c
       ManifestResourceCompile:
         所有輸出都是最新的。
       Link:
         C:\Program Files (x86)\Microsoft Visual Studio 10.0\VC\bin\link.exe /ERRORREPORT:PROMPT /OUT:"C:\Users\s0415\OneDrive - 新北市政府教育局\Codes\C_CPP\VS2010_Project\hello_world\Debug\Hello_World_vs2010.exe" /INCREMENTAL /NOLOGO kernel32.lib user32.lib gdi32.lib winspool.lib comdlg32.lib advapi32.lib shell32.lib ole32.lib oleaut32.lib uuid.lib odbc32.lib odbccp32.lib /MANIFEST /ManifestFile:"Debug\Hello_World_vs2010.exe.intermediate.manifest" /MANIFESTUAC:"level='asInvoker' uiAccess='false'" /DEBUG /PDB:"C:\Users\s0415\OneDrive - 新北市政府教育局\Codes\C_CPP\VS2010_Project\hello_world\Debug\Hello_World_vs2010.pdb" /SUBSYSTEM:CONSOLE /TLBID:1 /DYNAMICBASE /NXCOMPAT /IMPLIB:"C:\Users\s0415\OneDrive - 新北市政府教育局\Codes\C_CPP\VS2010_Project\hello_world\Debug\Hello_World_vs2010.lib" /MACHINE:X86 Debug\Hello_World_vs2010.exe.embed.manifest.res
         Debug\main.obj
       Manifest:
         C:\Program Files (x86)\Microsoft SDKs\Windows\v7.0A\bin\mt.exe /nologo /verbose /out:"Debug\Hello_World_vs2010.exe.embed.manifest" /manifest Debug\Hello_World_vs2010.exe.intermediate.manifest
         所有輸出都是最新的。
       LinkEmbedManifest:
         所有輸出都是最新的。
         Hello_World_vs2010.vcxproj -> C:\Users\s0415\OneDrive - 新北市政府教育局\Codes\C_CPP\VS2010_Project\hello_world\Debug\Hello_World_vs2010.exe
       FinalizeBuildStatus:
         正在刪除檔案 "Debug\Hello_World_vs2010.unsuccessfulbuild"。
         正在變更時間戳記 "Debug\Hello_World_vs2010.lastbuildstate"。
     1>專案 "C:\Users\s0415\OneDrive - 新北市政府教育局\Codes\C_CPP\VS2010_Project\hello_world\Hello_World_vs2010\Hello_World_vs2010.vcxproj" (build 目標) 建置完成。

建置成功。

經過時間 00:00:01.10
